Change Component Physical Designator: Old Designator=C1 New Designator=C19
Change Component Physical Designator: Old Designator=C2 New Designator=C20
Change Component Physical Designator: Old Designator=C3 New Designator=C21
Change Component Physical Designator: Old Designator=C4 New Designator=C22
Change Component Physical Designator: Old Designator=C5 New Designator=C23
Change Component Physical Designator: Old Designator=P1 New Designator=P5
Change Component Physical Designator: Old Designator=P2 New Designator=P6
Change Component Physical Designator: Old Designator=R1 New Designator=R19
Change Component Physical Designator: Old Designator=R2 New Designator=R20
Change Component Physical Designator: Old Designator=R3 New Designator=R21
Change Component Physical Designator: Old Designator=R4 New Designator=R22
Change Component Physical Designator: Old Designator=R5 New Designator=R23
Change Component Physical Designator: Old Designator=R6 New Designator=R24
Change Component Physical Designator: Old Designator=R7 New Designator=R25
Change Component Physical Designator: Old Designator=R8 New Designator=R26
Change Component Physical Designator: Old Designator=R9 New Designator=R27
Change Component Physical Designator: Old Designator=R10 New Designator=R28
Change Component Physical Designator: Old Designator=R11 New Designator=R29
Change Component Physical Designator: Old Designator=R12 New Designator=R30
Change Component Physical Designator: Old Designator=R13 New Designator=R31
Change Component Physical Designator: Old Designator=R14 New Designator=R32
Change Component Physical Designator: Old Designator=R15 New Designator=R33
Change Component Physical Designator: Old Designator=R16 New Designator=R34
Change Component Physical Designator: Old Designator=R17 New Designator=R35
Change Component Physical Designator: Old Designator=R18 New Designator=R36
Change Component Physical Designator: Old Designator=R19 New Designator=R37
Change Component Physical Designator: Old Designator=R20 New Designator=R38
Change Component Physical Designator: Old Designator=R21 New Designator=R39
Change Component Physical Designator: Old Designator=R22 New Designator=R40
Change Component Physical Designator: Old Designator=R23 New Designator=R41
Change Component Physical Designator: Old Designator=R24 New Designator=R42
Change Component Physical Designator: Old Designator=R25 New Designator=R43
Change Component Physical Designator: Old Designator=R26 New Designator=R44
Change Component Physical Designator: Old Designator=R27 New Designator=R45
Change Component Physical Designator: Old Designator=R28 New Designator=R46
Change Component Physical Designator: Old Designator=R29 New Designator=R47
Change Component Physical Designator: Old Designator=R30 New Designator=R48
Change Component Physical Designator: Old Designator=R31 New Designator=R49
Change Component Physical Designator: Old Designator=R32 New Designator=R50
Change Component Physical Designator: Old Designator=R33 New Designator=R51
Change Component Physical Designator: Old Designator=R34 New Designator=R52
Change Component Physical Designator: Old Designator=R35 New Designator=R53
Change Component Physical Designator: Old Designator=R36 New Designator=R54
Change Component Physical Designator: Old Designator=R37 New Designator=R55
Change Component Physical Designator: Old Designator=R38 New Designator=R56
Change Component Physical Designator: Old Designator=R39 New Designator=R57
Change Component Physical Designator: Old Designator=R40 New Designator=R58
Change Component Physical Designator: Old Designator=R41 New Designator=R59
Change Component Physical Designator: Old Designator=R42 New Designator=R60
Change Component Physical Designator: Old Designator=R43 New Designator=R61
Change Component Physical Designator: Old Designator=R44 New Designator=R62
Change Component Physical Designator: Old Designator=R45 New Designator=R63
Change Component Physical Designator: Old Designator=R46 New Designator=R64
Change Component Physical Designator: Old Designator=R47 New Designator=R65
Change Component Physical Designator: Old Designator=R48 New Designator=R66
Change Component Physical Designator: Old Designator=R49 New Designator=R67
Change Component Physical Designator: Old Designator=R50 New Designator=R68
Change Component Physical Designator: Old Designator=R51 New Designator=R69
Change Component Physical Designator: Old Designator=R52 New Designator=R70
Change Component Physical Designator: Old Designator=R53 New Designator=R71
Change Component Physical Designator: Old Designator=R54 New Designator=R72
Change Component Physical Designator: Old Designator=R55 New Designator=R73
Change Component Physical Designator: Old Designator=R56 New Designator=R74
Change Component Physical Designator: Old Designator=R57 New Designator=R75
Change Component Physical Designator: Old Designator=R58 New Designator=R76
Change Component Physical Designator: Old Designator=R59 New Designator=R77
Change Component Physical Designator: Old Designator=R60 New Designator=R78
Change Component Physical Designator: Old Designator=R61 New Designator=R79
Change Component Physical Designator: Old Designator=R62 New Designator=R80
Change Component Physical Designator: Old Designator=R63 New Designator=R81
Change Component Physical Designator: Old Designator=R64 New Designator=R82
Change Component Physical Designator: Old Designator=R65 New Designator=R83
Change Component Physical Designator: Old Designator=R66 New Designator=R84
Change Component Physical Designator: Old Designator=R67 New Designator=R85
Change Component Physical Designator: Old Designator=R68 New Designator=R86
Change Component Physical Designator: Old Designator=R69 New Designator=R87
Change Component Physical Designator: Old Designator=R70 New Designator=R88
Change Component Physical Designator: Old Designator=R71 New Designator=R89
Change Component Physical Designator: Old Designator=R72 New Designator=R90
Change Component Physical Designator: Old Designator=R73 New Designator=R91
Change Component Physical Designator: Old Designator=R74 New Designator=R92
Change Component Physical Designator: Old Designator=R75 New Designator=R93
Change Component Physical Designator: Old Designator=R76 New Designator=R94
Change Component Physical Designator: Old Designator=R77 New Designator=R95
Change Component Physical Designator: Old Designator=R78 New Designator=R96
Change Component Physical Designator: Old Designator=R79 New Designator=R97
Change Component Physical Designator: Old Designator=R80 New Designator=R98
Change Component Physical Designator: Old Designator=R81 New Designator=R99
Change Component Physical Designator: Old Designator=R82 New Designator=R100
Change Component Physical Designator: Old Designator=S1 New Designator=S3
Change Component Physical Designator: Old Designator=S2 New Designator=S4
Change Component Physical Designator: Old Designator=U17 New Designator=U25
Change Component Physical Designator: Old Designator=U18 New Designator=U26
Change Component Physical Designator: Old Designator=U19 New Designator=U27
Change Component Physical Designator: Old Designator=U20 New Designator=U28
Change Component Physical Designator: Old Designator=U21 New Designator=U29
Change Component Physical Designator: Old Designator=U22 New Designator=U30
Change Component Physical Designator: Old Designator=U23 New Designator=U31
Change Component Physical Designator: Old Designator=U24 New Designator=U32
Change Component Physical Designator: Old Designator=U25 New Designator=U33
Change Component Physical Designator: Old Designator=U26 New Designator=U34
Change Component Physical Designator: Old Designator=U27 New Designator=U35
Change Component Physical Designator: Old Designator=Y1 New Designator=Y3
