Remove Pin=R10-2 From Net=Y1
Remove Pin=R11-2 From Net=Y2
Remove Pin=R12-2 From Net=Y3
Remove Pin=R14-2 From Net=Y5
Remove Pin=U1-1 From Net=Y11
Remove Pin=U1-2 From Net=Y9
Remove Pin=U1-3 From Net=X62
Remove Pin=U1-4 From Net=X61
Remove Pin=U1-5 From Net=Y8
Remove Pin=U1-6 From Net=X59
Remove Pin=U1-9 From Net=Y15
Remove Pin=U1-10 From Net=X60
Remove Pin=U1-11 From Net=X58
Remove Pin=U1-13 From Net=X63
Remove Pin=U1-15 From Net=X57
Remove Pin=U1-16 From Net=X56
Remove Pin=U2-1 From Net=Y11
Remove Pin=U2-2 From Net=Y9
Remove Pin=U2-3 From Net=X54
Remove Pin=U2-4 From Net=X53
Remove Pin=U2-5 From Net=Y8
Remove Pin=U2-6 From Net=X51
Remove Pin=U2-9 From Net=Y15
Remove Pin=U2-10 From Net=X52
Remove Pin=U2-11 From Net=X50
Remove Pin=U2-13 From Net=X55
Remove Pin=U2-15 From Net=X49
Remove Pin=U2-16 From Net=X48
Remove Pin=U3-1 From Net=Y11
Remove Pin=U3-2 From Net=Y9
Remove Pin=U3-3 From Net=X46
Remove Pin=U3-4 From Net=X45
Remove Pin=U3-5 From Net=Y8
Remove Pin=U3-6 From Net=X43
Remove Pin=U3-9 From Net=Y15
Remove Pin=U3-10 From Net=X44
Remove Pin=U3-11 From Net=X42
Remove Pin=U3-13 From Net=X47
Remove Pin=U3-15 From Net=X41
Remove Pin=U3-16 From Net=X40
Remove Pin=U4-1 From Net=Y11
Remove Pin=U4-2 From Net=Y9
Remove Pin=U4-3 From Net=X38
Remove Pin=U4-4 From Net=X37
Remove Pin=U4-5 From Net=Y8
Remove Pin=U4-6 From Net=X35
Remove Pin=U4-9 From Net=Y15
Remove Pin=U4-10 From Net=X36
Remove Pin=U4-11 From Net=X34
Remove Pin=U4-13 From Net=X39
Remove Pin=U4-15 From Net=X33
Remove Pin=U4-16 From Net=X32
Remove Pin=U5-1 From Net=Y11
Remove Pin=U5-2 From Net=Y9
Remove Pin=U5-3 From Net=X30
Remove Pin=U5-4 From Net=X29
Remove Pin=U5-5 From Net=Y8
Remove Pin=U5-6 From Net=X26
Remove Pin=U5-9 From Net=Y15
Remove Pin=U5-10 From Net=X28
Remove Pin=U5-11 From Net=X26
Remove Pin=U5-13 From Net=X31
Remove Pin=U5-15 From Net=X25
Remove Pin=U5-16 From Net=X24
Remove Pin=U6-1 From Net=Y11
Remove Pin=U6-2 From Net=Y9
Remove Pin=U6-3 From Net=X22
Remove Pin=U6-4 From Net=X21
Remove Pin=U6-5 From Net=Y8
Remove Pin=U6-6 From Net=X19
Remove Pin=U6-9 From Net=Y15
Remove Pin=U6-10 From Net=X20
Remove Pin=U6-11 From Net=X18
Remove Pin=U6-13 From Net=X23
Remove Pin=U6-15 From Net=X17
Remove Pin=U6-16 From Net=X16
Remove Pin=U7-1 From Net=Y11
Remove Pin=U7-2 From Net=Y9
Remove Pin=U7-3 From Net=X14
Remove Pin=U7-4 From Net=X13
Remove Pin=U7-5 From Net=Y8
Remove Pin=U7-6 From Net=X11
Remove Pin=U7-9 From Net=Y15
Remove Pin=U7-10 From Net=X12
Remove Pin=U7-11 From Net=X10
Remove Pin=U7-13 From Net=X15
Remove Pin=U7-15 From Net=X9
Remove Pin=U7-16 From Net=X8
Remove Pin=U8-1 From Net=Y11
Remove Pin=U8-2 From Net=Y9
Remove Pin=U8-3 From Net=X6
Remove Pin=U8-4 From Net=X5
Remove Pin=U8-5 From Net=Y8
Remove Pin=U8-6 From Net=X3
Remove Pin=U8-9 From Net=Y15
Remove Pin=U8-10 From Net=X4
Remove Pin=U8-11 From Net=X2
Remove Pin=U8-13 From Net=X7
Remove Pin=U8-15 From Net=X1
Remove Pin=U8-16 From Net=X0
Remove Pin=U9-3 From Net=X62
Remove Pin=U9-4 From Net=X61
Remove Pin=U9-5 From Net=Y0
Remove Pin=U9-6 From Net=X59
Remove Pin=U9-9 From Net=Y7
Remove Pin=U9-10 From Net=X60
Remove Pin=U9-11 From Net=X58
Remove Pin=U9-12 From Net=Y4
Remove Pin=U9-13 From Net=X63
Remove Pin=U9-14 From Net=Y6
Remove Pin=U9-15 From Net=X57
Remove Pin=U9-16 From Net=X56
Remove Pin=U10-3 From Net=X54
Remove Pin=U10-4 From Net=X53
Remove Pin=U10-5 From Net=Y0
Remove Pin=U10-6 From Net=X51
Remove Pin=U10-9 From Net=Y7
Remove Pin=U10-10 From Net=X52
Remove Pin=U10-11 From Net=X50
Remove Pin=U10-12 From Net=Y4
Remove Pin=U10-13 From Net=X55
Remove Pin=U10-14 From Net=Y6
Remove Pin=U10-15 From Net=X49
Remove Pin=U10-16 From Net=X48
Remove Pin=U11-3 From Net=X46
Remove Pin=U11-4 From Net=X45
Remove Pin=U11-5 From Net=Y0
Remove Pin=U11-6 From Net=X43
Remove Pin=U11-9 From Net=Y7
Remove Pin=U11-10 From Net=X44
Remove Pin=U11-11 From Net=X42
Remove Pin=U11-12 From Net=Y4
Remove Pin=U11-13 From Net=X47
Remove Pin=U11-14 From Net=Y6
Remove Pin=U11-15 From Net=X41
Remove Pin=U11-16 From Net=X40
Remove Pin=U12-3 From Net=X38
Remove Pin=U12-4 From Net=X37
Remove Pin=U12-5 From Net=Y0
Remove Pin=U12-6 From Net=X35
Remove Pin=U12-9 From Net=Y7
Remove Pin=U12-10 From Net=X36
Remove Pin=U12-11 From Net=X34
Remove Pin=U12-12 From Net=Y4
Remove Pin=U12-13 From Net=X39
Remove Pin=U12-14 From Net=Y6
Remove Pin=U12-15 From Net=X33
Remove Pin=U12-16 From Net=X32
Remove Pin=U13-3 From Net=X30
Remove Pin=U13-4 From Net=X29
Remove Pin=U13-5 From Net=Y0
Remove Pin=U13-6 From Net=X26
Remove Pin=U13-9 From Net=Y7
Remove Pin=U13-10 From Net=X28
Remove Pin=U13-11 From Net=X26
Remove Pin=U13-12 From Net=Y4
Remove Pin=U13-13 From Net=X31
Remove Pin=U13-14 From Net=Y6
Remove Pin=U13-15 From Net=X25
Remove Pin=U13-16 From Net=X24
Remove Pin=U14-3 From Net=X22
Remove Pin=U14-4 From Net=X21
Remove Pin=U14-5 From Net=Y0
Remove Pin=U14-6 From Net=X19
Remove Pin=U14-9 From Net=Y7
Remove Pin=U14-10 From Net=X20
Remove Pin=U14-11 From Net=X18
Remove Pin=U14-12 From Net=Y4
Remove Pin=U14-13 From Net=X23
Remove Pin=U14-14 From Net=Y6
Remove Pin=U14-15 From Net=X17
Remove Pin=U14-16 From Net=X16
Remove Pin=U15-3 From Net=X14
Remove Pin=U15-4 From Net=X13
Remove Pin=U15-5 From Net=Y0
Remove Pin=U15-6 From Net=X11
Remove Pin=U15-9 From Net=Y7
Remove Pin=U15-10 From Net=X12
Remove Pin=U15-11 From Net=X10
Remove Pin=U15-12 From Net=Y4
Remove Pin=U15-13 From Net=X15
Remove Pin=U15-14 From Net=Y6
Remove Pin=U15-15 From Net=X9
Remove Pin=U15-16 From Net=X8
Remove Pin=U16-3 From Net=X6
Remove Pin=U16-4 From Net=X5
Remove Pin=U16-5 From Net=Y0
Remove Pin=U16-6 From Net=X3
Remove Pin=U16-9 From Net=Y7
Remove Pin=U16-10 From Net=X4
Remove Pin=U16-11 From Net=X2
Remove Pin=U16-12 From Net=Y4
Remove Pin=U16-13 From Net=X7
Remove Pin=U16-14 From Net=Y6
Remove Pin=U16-15 From Net=X1
Remove Pin=U16-16 From Net=X0
Change Component Footprint: Designator=U9 Old Footprint=1588BS_16Pin New Footprint=8-8点阵 - duplicate
Change Component Footprint: Designator=U10 Old Footprint=1588BS_16Pin New Footprint=8-8点阵 - duplicate
Change Component Footprint: Designator=U11 Old Footprint=1588BS_16Pin New Footprint=8-8点阵 - duplicate
Change Component Footprint: Designator=U12 Old Footprint=1588BS_16Pin New Footprint=8-8点阵 - duplicate
Change Component Footprint: Designator=U13 Old Footprint=1588BS_16Pin New Footprint=8-8点阵 - duplicate
Change Component Footprint: Designator=U14 Old Footprint=1588BS_16Pin New Footprint=8-8点阵 - duplicate
Change Component Footprint: Designator=U15 Old Footprint=1588BS_16Pin New Footprint=8-8点阵 - duplicate
Change Component Footprint: Designator=U16 Old Footprint=1588BS_16Pin New Footprint=8-8点阵 - duplicate
Change Component Comment: Designator=U16 Old Comment=1588BS New Comment=8-8
Change Component Comment: Designator=U15 Old Comment=1588BS New Comment=8-8
Change Component Comment: Designator=U14 Old Comment=1588BS New Comment=8-8
Change Component Comment: Designator=U13 Old Comment=1588BS New Comment=8-8
Change Component Comment: Designator=U12 Old Comment=1588BS New Comment=8-8
Change Component Comment: Designator=U11 Old Comment=1588BS New Comment=8-8
Change Component Comment: Designator=U10 Old Comment=1588BS New Comment=8-8
Change Component Comment: Designator=U9 Old Comment=1588BS New Comment=8-8
Add Pin To Net: Pin=R3-2 Old Net=Y10 New Net=Y3
Add Pin To Net: Pin=R5-2 Old Net=Y12 New Net=Y5
Add Pin To Net: Pin=R6-2 Old Net=Y13 New Net=Y1
Add Pin To Net: Pin=R7-2 Old Net=Y14 New Net=Y2
