C51 COMPILER V9.56.0.0   FONT                                                              05/31/2017 10:01:18 PAGE 1   


C51 COMPILER V9.56.0.0, COMPILATION OF MODULE FONT
OBJECT MODULE PLACED IN .\Outputs\font.obj
COMPILER INVOKED BY: D:\Keil_v5\C51\BIN\C51.EXE DRIVES\font.c LARGE OPTIMIZE(8,SPEED) BROWSE INCDIR(.\DRIVES;.\USER;.\RT
                    -XOS) DEBUG OBJECTEXTEND PRINT(.\Listings\font.lst) TABS(2) OBJECT(.\Outputs\font.obj)

line level    source

   1          #include  "font.h"
   2          
   3          extern unsigned char code ASCII00[16]={0x00,0xE0,0x10,0x08,0x08,0x10,0xE0,0x00,0x00,0x0F,0x10,0x20,0x20,0x
             -10,0x0F,0x00};
   4          extern unsigned char code ASCII01[16]={0x00,0x10,0x10,0xF8,0x00,0x00,0x00,0x00,0x00,0x20,0x20,0x3F,0x20,0x
             -20,0x00,0x00};
   5          extern unsigned char code ASCII02[16]={0x00,0x70,0x08,0x08,0x08,0x88,0x70,0x00,0x00,0x30,0x28,0x24,0x22,0x
             -21,0x30,0x00};
   6          extern unsigned char code ASCII03[16]={0x00,0x30,0x08,0x88,0x88,0x48,0x30,0x00,0x00,0x18,0x20,0x20,0x20,0x
             -11,0x0E,0x00};
   7          extern unsigned char code ASCII04[16]={0x00,0x00,0xC0,0x20,0x10,0xF8,0x00,0x00,0x00,0x07,0x04,0x24,0x24,0x
             -3F,0x24,0x00};
   8          extern unsigned char code ASCII05[16]={0x00,0xF8,0x08,0x88,0x88,0x08,0x08,0x00,0x00,0x19,0x21,0x20,0x20,0x
             -11,0x0E,0x00};
   9          extern unsigned char code ASCII06[16]={0x00,0xE0,0x10,0x88,0x88,0x18,0x00,0x00,0x00,0x0F,0x11,0x20,0x20,0x
             -11,0x0E,0x00};
  10          extern unsigned char code ASCII07[16]={0x00,0x38,0x08,0x08,0xC8,0x38,0x08,0x00,0x00,0x00,0x00,0x3F,0x00,0x
             -00,0x00,0x00};
  11          extern unsigned char code ASCII08[16]={0x00,0x70,0x88,0x08,0x08,0x88,0x70,0x00,0x00,0x1C,0x22,0x21,0x21,0x
             -22,0x1C,0x00};
  12          extern unsigned char code ASCII09[16]={0x00,0xE0,0x10,0x08,0x08,0x10,0xE0,0x00,0x00,0x00,0x31,0x22,0x22,0x
             -11,0x0F,0x00};
  13          /******************************************************************************
  14          ASCII纵向取模8*16字库。为1亮。纵向取模（8位）(取完一横后再取下一横)-LCD12864SPI
  15          每个字节代表一列8个像素值，每个ASCII由8*16/8=16个字节存储，前8个字节为上半部分值,
  16          后8个字节为下半部分值。共95个，从32(空格)到126。ASCII816[0]为空格。
  17          ASCII值减32即为数组二维下标。
  18          ******************************************************************************/
  19          extern unsigned char code ASCII8x16[95][16] =
  20          {
  21            // !
  22            0x00,0x00,0x00,0x00,0x00,0x00,0x00,0x00,0x00,0x00,0x00,0x00,0x00,0x00,0x00,0x00, 
  23            0x00,0x00,0x00,0xF8,0x00,0x00,0x00,0x00,0x00,0x00,0x00,0x33,0x30,0x00,0x00,0x00,
  24            //"#
  25            0x00,0x10,0x0C,0x06,0x10,0x0C,0x06,0x00,0x00,0x00,0x00,0x00,0x00,0x00,0x00,0x00, 
  26            0x40,0xC0,0x78,0x40,0xC0,0x78,0x40,0x00,0x04,0x3F,0x04,0x04,0x3F,0x04,0x04,0x00, 
  27            //$% 
  28            0x00,0x70,0x88,0xFC,0x08,0x30,0x00,0x00,0x00,0x18,0x20,0xFF,0x21,0x1E,0x00,0x00,
  29            0xF0,0x08,0xF0,0x00,0xE0,0x18,0x00,0x00,0x00,0x21,0x1C,0x03,0x1E,0x21,0x1E,0x00, 
  30            //&' 
  31            0x00,0xF0,0x08,0x88,0x70,0x00,0x00,0x00,0x1E,0x21,0x23,0x24,0x19,0x27,0x21,0x10, 
  32            0x10,0x16,0x0E,0x00,0x00,0x00,0x00,0x00,0x00,0x00,0x00,0x00,0x00,0x00,0x00,0x00, 
  33            //() 
  34            0x00,0x00,0x00,0xE0,0x18,0x04,0x02,0x00,0x00,0x00,0x00,0x07,0x18,0x20,0x40,0x00, 
  35            0x00,0x02,0x04,0x18,0xE0,0x00,0x00,0x00,0x00,0x40,0x20,0x18,0x07,0x00,0x00,0x00, 
  36            //*+ 
  37            0x40,0x40,0x80,0xF0,0x80,0x40,0x40,0x00,0x02,0x02,0x01,0x0F,0x01,0x02,0x02,0x00, 
  38            0x00,0x00,0x00,0xF0,0x00,0x00,0x00,0x00,0x01,0x01,0x01,0x1F,0x01,0x01,0x01,0x00,
  39            //,- 
  40            0x00,0x00,0x00,0x00,0x00,0x00,0x00,0x00,0x80,0xB0,0x70,0x00,0x00,0x00,0x00,0x00, 
  41            0x00,0x00,0x00,0x00,0x00,0x00,0x00,0x00,0x00,0x01,0x01,0x01,0x01,0x01,0x01,0x01, 
  42            //./  
  43            0x00,0x00,0x00,0x00,0x00,0x00,0x00,0x00,0x00,0x30,0x30,0x00,0x00,0x00,0x00,0x00, 
  44            0x00,0x00,0x00,0x00,0x80,0x60,0x18,0x04,0x00,0x60,0x18,0x06,0x01,0x00,0x00,0x00, 
C51 COMPILER V9.56.0.0   FONT                                                              05/31/2017 10:01:18 PAGE 2   

  45            //01 
  46            0x00,0xE0,0x10,0x08,0x08,0x10,0xE0,0x00,0x00,0x0F,0x10,0x20,0x20,0x10,0x0F,0x00, 
  47            0x00,0x10,0x10,0xF8,0x00,0x00,0x00,0x00,0x00,0x20,0x20,0x3F,0x20,0x20,0x00,0x00, 
  48            //23
  49            0x00,0x70,0x08,0x08,0x08,0x88,0x70,0x00,0x00,0x30,0x28,0x24,0x22,0x21,0x30,0x00, 
  50            0x00,0x30,0x08,0x88,0x88,0x48,0x30,0x00,0x00,0x18,0x20,0x20,0x20,0x11,0x0E,0x00, 
  51            //45
  52            0x00,0x00,0xC0,0x20,0x10,0xF8,0x00,0x00,0x00,0x07,0x04,0x24,0x24,0x3F,0x24,0x00, 
  53            0x00,0xF8,0x08,0x88,0x88,0x08,0x08,0x00,0x00,0x19,0x21,0x20,0x20,0x11,0x0E,0x00, 
  54            //67
  55            0x00,0xE0,0x10,0x88,0x88,0x18,0x00,0x00,0x00,0x0F,0x11,0x20,0x20,0x11,0x0E,0x00, 
  56            0x00,0x38,0x08,0x08,0xC8,0x38,0x08,0x00,0x00,0x00,0x00,0x3F,0x00,0x00,0x00,0x00, 
  57            //89
  58            0x00,0x70,0x88,0x08,0x08,0x88,0x70,0x00,0x00,0x1C,0x22,0x21,0x21,0x22,0x1C,0x00, 
  59            0x00,0xE0,0x10,0x08,0x08,0x10,0xE0,0x00,0x00,0x00,0x31,0x22,0x22,0x11,0x0F,0x00,
  60            //:; 
  61            0x00,0x00,0x00,0xC0,0xC0,0x00,0x00,0x00,0x00,0x00,0x00,0x30,0x30,0x00,0x00,0x00, 
  62            0x00,0x00,0x00,0x80,0x00,0x00,0x00,0x00,0x00,0x00,0x80,0x60,0x00,0x00,0x00,0x00,
  63            //<=
  64            0x00,0x00,0x80,0x40,0x20,0x10,0x08,0x00,0x00,0x01,0x02,0x04,0x08,0x10,0x20,0x00, 
  65            0x40,0x40,0x40,0x40,0x40,0x40,0x40,0x00,0x04,0x04,0x04,0x04,0x04,0x04,0x04,0x00,
  66            //>?
  67            0x00,0x08,0x10,0x20,0x40,0x80,0x00,0x00,0x00,0x20,0x10,0x08,0x04,0x02,0x01,0x00, 
  68            0x00,0x70,0x48,0x08,0x08,0x08,0xF0,0x00,0x00,0x00,0x00,0x30,0x36,0x01,0x00,0x00, 
  69            //@A
  70            0xC0,0x30,0xC8,0x28,0xE8,0x10,0xE0,0x00,0x07,0x18,0x27,0x24,0x23,0x14,0x0B,0x00, 
  71            0x00,0x00,0xC0,0x38,0xE0,0x00,0x00,0x00,0x20,0x3C,0x23,0x02,0x02,0x27,0x38,0x20, 
  72            //BC
  73            0x08,0xF8,0x88,0x88,0x88,0x70,0x00,0x00,0x20,0x3F,0x20,0x20,0x20,0x11,0x0E,0x00, 
  74            0xC0,0x30,0x08,0x08,0x08,0x08,0x38,0x00,0x07,0x18,0x20,0x20,0x20,0x10,0x08,0x00, 
  75            //DE
  76            0x08,0xF8,0x08,0x08,0x08,0x10,0xE0,0x00,0x20,0x3F,0x20,0x20,0x20,0x10,0x0F,0x00, 
  77            0x08,0xF8,0x88,0x88,0xE8,0x08,0x10,0x00,0x20,0x3F,0x20,0x20,0x23,0x20,0x18,0x00,
  78            //FG
  79            0x08,0xF8,0x88,0x88,0xE8,0x08,0x10,0x00,0x20,0x3F,0x20,0x00,0x03,0x00,0x00,0x00, 
  80            0xC0,0x30,0x08,0x08,0x08,0x38,0x00,0x00,0x07,0x18,0x20,0x20,0x22,0x1E,0x02,0x00, 
  81            //HI
  82            0x08,0xF8,0x08,0x00,0x00,0x08,0xF8,0x08,0x20,0x3F,0x21,0x01,0x01,0x21,0x3F,0x20,
  83            0x00,0x08,0x08,0xF8,0x08,0x08,0x00,0x00,0x00,0x20,0x20,0x3F,0x20,0x20,0x00,0x00, 
  84            //JK
  85            0x00,0x00,0x08,0x08,0xF8,0x08,0x08,0x00,0xC0,0x80,0x80,0x80,0x7F,0x00,0x00,0x00, 
  86            0x08,0xF8,0x88,0xC0,0x28,0x18,0x08,0x00,0x20,0x3F,0x20,0x01,0x26,0x38,0x20,0x00, 
  87            //LM
  88            0x08,0xF8,0x08,0x00,0x00,0x00,0x00,0x00,0x20,0x3F,0x20,0x20,0x20,0x20,0x30,0x00,
  89            0x08,0xF8,0xF8,0x00,0xF8,0xF8,0x08,0x00,0x20,0x3F,0x00,0x3F,0x00,0x3F,0x20,0x00, 
  90            //NO
  91            0x08,0xF8,0x30,0xC0,0x00,0x08,0xF8,0x08,0x20,0x3F,0x20,0x00,0x07,0x18,0x3F,0x00, 
  92            0xE0,0x10,0x08,0x08,0x08,0x10,0xE0,0x00,0x0F,0x10,0x20,0x20,0x20,0x10,0x0F,0x00, 
  93            //PQ
  94            0x08,0xF8,0x08,0x08,0x08,0x08,0xF0,0x00,0x20,0x3F,0x21,0x01,0x01,0x01,0x00,0x00, 
  95            0xE0,0x10,0x08,0x08,0x08,0x10,0xE0,0x00,0x0F,0x18,0x24,0x24,0x38,0x50,0x4F,0x00, 
  96            //RS
  97            0x08,0xF8,0x88,0x88,0x88,0x88,0x70,0x00,0x20,0x3F,0x20,0x00,0x03,0x0C,0x30,0x20, 
  98            0x00,0x70,0x88,0x08,0x08,0x08,0x38,0x00,0x00,0x38,0x20,0x21,0x21,0x22,0x1C,0x00, 
  99            //TU
 100            0x18,0x08,0x08,0xF8,0x08,0x08,0x18,0x00,0x00,0x00,0x20,0x3F,0x20,0x00,0x00,0x00,
 101            0x08,0xF8,0x08,0x00,0x00,0x08,0xF8,0x08,0x00,0x1F,0x20,0x20,0x20,0x20,0x1F,0x00, 
 102            //VW
 103            0x08,0x78,0x88,0x00,0x00,0xC8,0x38,0x08,0x00,0x00,0x07,0x38,0x0E,0x01,0x00,0x00, 
 104            0xF8,0x08,0x00,0xF8,0x00,0x08,0xF8,0x00,0x03,0x3C,0x07,0x00,0x07,0x3C,0x03,0x00, 
 105            //XY
 106            0x08,0x18,0x68,0x80,0x80,0x68,0x18,0x08,0x20,0x30,0x2C,0x03,0x03,0x2C,0x30,0x20, 
C51 COMPILER V9.56.0.0   FONT                                                              05/31/2017 10:01:18 PAGE 3   

 107            0x08,0x38,0xC8,0x00,0xC8,0x38,0x08,0x00,0x00,0x00,0x20,0x3F,0x20,0x00,0x00,0x00, 
 108            //Z[
 109            0x10,0x08,0x08,0x08,0xC8,0x38,0x08,0x00,0x20,0x38,0x26,0x21,0x20,0x20,0x18,0x00, 
 110            0x00,0x00,0x00,0xFE,0x02,0x02,0x02,0x00,0x00,0x00,0x00,0x7F,0x40,0x40,0x40,0x00, 
 111            //\]
 112            0x00,0x0C,0x30,0xC0,0x00,0x00,0x00,0x00,0x00,0x00,0x00,0x01,0x06,0x38,0xC0,0x00, 
 113            0x00,0x02,0x02,0x02,0xFE,0x00,0x00,0x00,0x00,0x40,0x40,0x40,0x7F,0x00,0x00,0x00, 
 114            //
 115            0x00,0x00,0x04,0x02,0x02,0x02,0x04,0x00,0x00,0x00,0x00,0x00,0x00,0x00,0x00,0x00,  //^
 116            0x00,0x00,0x00,0x00,0x00,0x00,0x00,0x00,0x80,0x80,0x80,0x80,0x80,0x80,0x80,0x80,  //_
 117            //
 118            0x00,0x02,0x02,0x04,0x00,0x00,0x00,0x00,0x00,0x00,0x00,0x00,0x00,0x00,0x00,0x00,  //'
 119            0x00,0x00,0x80,0x80,0x80,0x80,0x00,0x00,0x00,0x19,0x24,0x22,0x22,0x22,0x3F,0x20,  //a
 120            //bc
 121            0x08,0xF8,0x00,0x80,0x80,0x00,0x00,0x00,0x00,0x3F,0x11,0x20,0x20,0x11,0x0E,0x00, 
 122            0x00,0x00,0x00,0x80,0x80,0x80,0x00,0x00,0x00,0x0E,0x11,0x20,0x20,0x20,0x11,0x00, 
 123            //de
 124            0x00,0x00,0x00,0x80,0x80,0x88,0xF8,0x00,0x00,0x0E,0x11,0x20,0x20,0x10,0x3F,0x20, 
 125            0x00,0x00,0x80,0x80,0x80,0x80,0x00,0x00,0x00,0x1F,0x22,0x22,0x22,0x22,0x13,0x00, 
 126            //fg
 127            0x00,0x80,0x80,0xF0,0x88,0x88,0x88,0x18,0x00,0x20,0x20,0x3F,0x20,0x20,0x00,0x00, 
 128            0x00,0x00,0x80,0x80,0x80,0x80,0x80,0x00,0x00,0x6B,0x94,0x94,0x94,0x93,0x60,0x00, 
 129            //hi
 130            0x08,0xF8,0x00,0x80,0x80,0x80,0x00,0x00,0x20,0x3F,0x21,0x00,0x00,0x20,0x3F,0x20, 
 131            0x00,0x80,0x98,0x98,0x00,0x00,0x00,0x00,0x00,0x20,0x20,0x3F,0x20,0x20,0x00,0x00,
 132            //jk
 133            0x00,0x00,0x00,0x80,0x98,0x98,0x00,0x00,0x00,0xC0,0x80,0x80,0x80,0x7F,0x00,0x00, 
 134            0x08,0xF8,0x00,0x00,0x80,0x80,0x80,0x00,0x20,0x3F,0x24,0x02,0x2D,0x30,0x20,0x00, 
 135            //lm
 136            0x00,0x08,0x08,0xF8,0x00,0x00,0x00,0x00,0x00,0x20,0x20,0x3F,0x20,0x20,0x00,0x00, 
 137            0x80,0x80,0x80,0x80,0x80,0x80,0x80,0x00,0x20,0x3F,0x20,0x00,0x3F,0x20,0x00,0x3F, 
 138            //no
 139            0x80,0x80,0x00,0x80,0x80,0x80,0x00,0x00,0x20,0x3F,0x21,0x00,0x00,0x20,0x3F,0x20, 
 140            0x00,0x00,0x80,0x80,0x80,0x80,0x00,0x00,0x00,0x1F,0x20,0x20,0x20,0x20,0x1F,0x00, 
 141            //pq
 142            0x80,0x80,0x00,0x80,0x80,0x00,0x00,0x00,0x80,0xFF,0xA1,0x20,0x20,0x11,0x0E,0x00, 
 143            0x00,0x00,0x00,0x80,0x80,0x80,0x80,0x00,0x00,0x0E,0x11,0x20,0x20,0xA0,0xFF,0x80, 
 144            //rs
 145            0x80,0x80,0x80,0x00,0x80,0x80,0x80,0x00,0x20,0x20,0x3F,0x21,0x20,0x00,0x01,0x00, 
 146            0x00,0x00,0x80,0x80,0x80,0x80,0x80,0x00,0x00,0x33,0x24,0x24,0x24,0x24,0x19,0x00, 
 147            //tu?
 148            0x00,0x80,0x80,0xE0,0x80,0x80,0x00,0x00,0x00,0x00,0x00,0x1F,0x20,0x20,0x00,0x00, 
 149            0x80,0x80,0x00,0x00,0x00,0x80,0x80,0x00,0x00,0x1F,0x20,0x20,0x20,0x10,0x3F,0x20, 
 150            //vw
 151            0x80,0x80,0x80,0x00,0x00,0x80,0x80,0x80,0x00,0x01,0x0E,0x30,0x08,0x06,0x01,0x00, 
 152            0x80,0x80,0x00,0x80,0x00,0x80,0x80,0x80,0x0F,0x30,0x0C,0x03,0x0C,0x30,0x0F,0x00, 
 153            //xy
 154            0x00,0x80,0x80,0x00,0x80,0x80,0x80,0x00,0x00,0x20,0x31,0x2E,0x0E,0x31,0x20,0x00, 
 155            0x80,0x80,0x80,0x00,0x00,0x80,0x80,0x80,0x80,0x81,0x8E,0x70,0x18,0x06,0x01,0x00, 
 156            //z{
 157            0x00,0x80,0x80,0x80,0x80,0x80,0x80,0x00,0x00,0x21,0x30,0x2C,0x22,0x21,0x30,0x00, 
 158            0x00,0x00,0x00,0x00,0x80,0x7C,0x02,0x02,0x00,0x00,0x00,0x00,0x00,0x3F,0x40,0x40, 
 159            //|}
 160            0x00,0x00,0x00,0x00,0xFF,0x00,0x00,0x00,0x00,0x00,0x00,0x00,0xFF,0x00,0x00,0x00, 
 161            0x00,0x02,0x02,0x7C,0x80,0x00,0x00,0x00,0x00,0x40,0x40,0x3F,0x00,0x00,0x00,0x00, 
 162            //~
 163            0x00,0x06,0x01,0x01,0x02,0x02,0x04,0x04,0x00,0x00,0x00,0x00,0x00,0x00,0x00,0x00
 164          };
 165          
 166          //////////////////////////////////////////////////////////////////////////////////////////////
 167          //反码
 168          extern unsigned char code ASCII8x16_INV[95][16] = 
C51 COMPILER V9.56.0.0   FONT                                                              05/31/2017 10:01:18 PAGE 4   

 169          {
 170            0xff,0xff,0xff,0xff,0xff,0xff,0xff,0xff,0xff,0xff,0xff,0xff,0xff,0xff,0xff,0xff,
 171            0xff,0xff,0xff,0x07,0xff,0xff,0xff,0xff,0xff,0xff,0xff,0xcc,0xcf,0xff,0xff,0xff,
 172            0xff,0xef,0xf3,0xf9,0xef,0xf3,0xf9,0xff,0xff,0xff,0xff,0xff,0xff,0xff,0xff,0xff,
 173            0xbf,0x3f,0x87,0xbf,0x3f,0x87,0xbf,0xff,0xfb,0xc0,0xfb,0xfb,0xc0,0xfb,0xfb,0xff,
 174            0xff,0x8f,0x77,0x03,0xf7,0xcf,0xff,0xff,0xff,0xe7,0xdf,0x00,0xde,0xe1,0xff,0xff,
 175            0x0f,0xf7,0x0f,0xff,0x1f,0xe7,0xff,0xff,0xff,0xde,0xe3,0xfc,0xe1,0xde,0xe1,0xff,
 176            0xff,0x0f,0xf7,0x77,0x8f,0xff,0xff,0xff,0xe1,0xde,0xdc,0xdb,0xe6,0xd8,0xde,0xef,
 177            0xef,0xe9,0xf1,0xff,0xff,0xff,0xff,0xff,0xff,0xff,0xff,0xff,0xff,0xff,0xff,0xff,
 178            0xff,0xff,0xff,0x1f,0xe7,0xfb,0xfd,0xff,0xff,0xff,0xff,0xf8,0xe7,0xdf,0xbf,0xff,
 179            0xff,0xfd,0xfb,0xe7,0x1f,0xff,0xff,0xff,0xff,0xbf,0xdf,0xe7,0xf8,0xff,0xff,0xff,
 180            0xbf,0xbf,0x7f,0x0f,0x7f,0xbf,0xbf,0xff,0xfd,0xfd,0xfe,0xf0,0xfe,0xfd,0xfd,0xff,
 181            0xff,0xff,0xff,0x0f,0xff,0xff,0xff,0xff,0xfe,0xfe,0xfe,0xe0,0xfe,0xfe,0xfe,0xff,
 182            0xff,0xff,0xff,0xff,0xff,0xff,0xff,0xff,0x7f,0x4f,0x8f,0xff,0xff,0xff,0xff,0xff,
 183            0xff,0xff,0xff,0xff,0xff,0xff,0xff,0xff,0xff,0xfe,0xfe,0xfe,0xfe,0xfe,0xfe,0xfe,
 184            0xff,0xff,0xff,0xff,0xff,0xff,0xff,0xff,0xff,0xcf,0xcf,0xff,0xff,0xff,0xff,0xff,
 185            0xff,0xff,0xff,0xff,0x7f,0x9f,0xe7,0xfb,0xff,0x9f,0xe7,0xf9,0xfe,0xff,0xff,0xff,
 186            0xff,0x1f,0xef,0xf7,0xf7,0xef,0x1f,0xff,0xff,0xf0,0xef,0xdf,0xdf,0xef,0xf0,0xff,
 187            0xff,0xef,0xef,0x07,0xff,0xff,0xff,0xff,0xff,0xdf,0xdf,0xc0,0xdf,0xdf,0xff,0xff,
 188            0xff,0x8f,0xf7,0xf7,0xf7,0x77,0x8f,0xff,0xff,0xcf,0xd7,0xdb,0xdd,0xde,0xcf,0xff,
 189            0xff,0xcf,0xf7,0x77,0x77,0xb7,0xcf,0xff,0xff,0xe7,0xdf,0xdf,0xdf,0xee,0xf1,0xff,
 190            0xff,0xff,0x3f,0xdf,0xef,0x07,0xff,0xff,0xff,0xf8,0xfb,0xdb,0xdb,0xc0,0xdb,0xff,
 191            0xff,0x07,0xf7,0x77,0x77,0xf7,0xf7,0xff,0xff,0xe6,0xde,0xdf,0xdf,0xee,0xf1,0xff,
 192            0xff,0x1f,0xef,0x77,0x77,0xe7,0xff,0xff,0xff,0xf0,0xee,0xdf,0xdf,0xee,0xf1,0xff,
 193            0xff,0xc7,0xf7,0xf7,0x37,0xc7,0xf7,0xff,0xff,0xff,0xff,0xc0,0xff,0xff,0xff,0xff,
 194            0xff,0x8f,0x77,0xf7,0xf7,0x77,0x8f,0xff,0xff,0xe3,0xdd,0xde,0xde,0xdd,0xe3,0xff,
 195            0xff,0x1f,0xef,0xf7,0xf7,0xef,0x1f,0xff,0xff,0xff,0xce,0xdd,0xdd,0xee,0xf0,0xff,
 196            0xff,0xff,0xff,0x3f,0x3f,0xff,0xff,0xff,0xff,0xff,0xff,0xcf,0xcf,0xff,0xff,0xff,
 197            0xff,0xff,0xff,0x7f,0xff,0xff,0xff,0xff,0xff,0xff,0x7f,0x9f,0xff,0xff,0xff,0xff,
 198            0xff,0xff,0x7f,0xbf,0xdf,0xef,0xf7,0xff,0xff,0xfe,0xfd,0xfb,0xf7,0xef,0xdf,0xff,
 199            0xbf,0xbf,0xbf,0xbf,0xbf,0xbf,0xbf,0xff,0xfb,0xfb,0xfb,0xfb,0xfb,0xfb,0xfb,0xff,
 200            0xff,0xf7,0xef,0xdf,0xbf,0x7f,0xff,0xff,0xff,0xdf,0xef,0xf7,0xfb,0xfd,0xfe,0xff,
 201            0xff,0x8f,0xb7,0xf7,0xf7,0xf7,0x0f,0xff,0xff,0xff,0xff,0xcf,0xc9,0xfe,0xff,0xff,
 202            0x3f,0xcf,0x37,0xd7,0x17,0xef,0x1f,0xff,0xf8,0xe7,0xd8,0xdb,0xdc,0xeb,0xf4,0xff,
 203            0xff,0xff,0x3f,0xc7,0x1f,0xff,0xff,0xff,0xdf,0xc3,0xdc,0xfd,0xfd,0xd8,0xc7,0xdf,
 204            0xf7,0x07,0x77,0x77,0x77,0x8f,0xff,0xff,0xdf,0xc0,0xdf,0xdf,0xdf,0xee,0xf1,0xff,
 205            0x3f,0xcf,0xf7,0xf7,0xf7,0xf7,0xc7,0xff,0xf8,0xe7,0xdf,0xdf,0xdf,0xef,0xf7,0xff,
 206            0xf7,0x07,0xf7,0xf7,0xf7,0xef,0x1f,0xff,0xdf,0xc0,0xdf,0xdf,0xdf,0xef,0xf0,0xff,
 207            0xf7,0x07,0x77,0x77,0x17,0xf7,0xef,0xff,0xdf,0xc0,0xdf,0xdf,0xdc,0xdf,0xe7,0xff,
 208            0xf7,0x07,0x77,0x77,0x17,0xf7,0xef,0xff,0xdf,0xc0,0xdf,0xff,0xfc,0xff,0xff,0xff,
 209            0x3f,0xcf,0xf7,0xf7,0xf7,0xc7,0xff,0xff,0xf8,0xe7,0xdf,0xdf,0xdd,0xe1,0xfd,0xff,
 210            0xf7,0x07,0xf7,0xff,0xff,0xf7,0x07,0xf7,0xdf,0xc0,0xde,0xfe,0xfe,0xde,0xc0,0xdf,
 211            0xff,0xf7,0xf7,0x07,0xf7,0xf7,0xff,0xff,0xff,0xdf,0xdf,0xc0,0xdf,0xdf,0xff,0xff,
 212            0xff,0xff,0xf7,0xf7,0x07,0xf7,0xf7,0xff,0x3f,0x7f,0x7f,0x7f,0x80,0xff,0xff,0xff,
 213            0xf7,0x07,0x77,0x3f,0xd7,0xe7,0xf7,0xff,0xdf,0xc0,0xdf,0xfe,0xd9,0xc7,0xdf,0xff,
 214            0xf7,0x07,0xf7,0xff,0xff,0xff,0xff,0xff,0xdf,0xc0,0xdf,0xdf,0xdf,0xdf,0xcf,0xff,
 215            0xf7,0x07,0x07,0xff,0x07,0x07,0xf7,0xff,0xdf,0xc0,0xff,0xc0,0xff,0xc0,0xdf,0xff,
 216            0xf7,0x07,0xcf,0x3f,0xff,0xf7,0x07,0xf7,0xdf,0xc0,0xdf,0xff,0xf8,0xe7,0xc0,0xff,
 217            0x1f,0xef,0xf7,0xf7,0xf7,0xef,0x1f,0xff,0xf0,0xef,0xdf,0xdf,0xdf,0xef,0xf0,0xff,
 218            0xf7,0x07,0xf7,0xf7,0xf7,0xf7,0x0f,0xff,0xdf,0xc0,0xde,0xfe,0xfe,0xfe,0xff,0xff,
 219            0x1f,0xef,0xf7,0xf7,0xf7,0xef,0x1f,0xff,0xf0,0xe7,0xdb,0xdb,0xc7,0xaf,0xb0,0xff,
 220            0xf7,0x07,0x77,0x77,0x77,0x77,0x8f,0xff,0xdf,0xc0,0xdf,0xff,0xfc,0xf3,0xcf,0xdf,
 221            0xff,0x8f,0x77,0xf7,0xf7,0xf7,0xc7,0xff,0xff,0xc7,0xdf,0xde,0xde,0xdd,0xe3,0xff,
 222            0xe7,0xf7,0xf7,0x07,0xf7,0xf7,0xe7,0xff,0xff,0xff,0xdf,0xc0,0xdf,0xff,0xff,0xff,
 223            0xf7,0x07,0xf7,0xff,0xff,0xf7,0x07,0xf7,0xff,0xe0,0xdf,0xdf,0xdf,0xdf,0xe0,0xff,
 224            0xf7,0x87,0x77,0xff,0xff,0x37,0xc7,0xf7,0xff,0xff,0xf8,0xc7,0xf1,0xfe,0xff,0xff,
 225            0x07,0xf7,0xff,0x07,0xff,0xf7,0x07,0xff,0xfc,0xc3,0xf8,0xff,0xf8,0xc3,0xfc,0xff,
 226            0xf7,0xe7,0x97,0x7f,0x7f,0x97,0xe7,0xf7,0xdf,0xcf,0xd3,0xfc,0xfc,0xd3,0xcf,0xdf,
 227            0xf7,0xc7,0x37,0xff,0x37,0xc7,0xf7,0xff,0xff,0xff,0xdf,0xc0,0xdf,0xff,0xff,0xff,
 228            0xef,0xf7,0xf7,0xf7,0x37,0xc7,0xf7,0xff,0xdf,0xc7,0xd9,0xde,0xdf,0xdf,0xe7,0xff,
 229            0xff,0xff,0xff,0x01,0xfd,0xfd,0xfd,0xff,0xff,0xff,0xff,0x80,0xbf,0xbf,0xbf,0xff,
 230            0xff,0xf3,0xcf,0x3f,0xff,0xff,0xff,0xff,0xff,0xff,0xff,0xfe,0xf9,0xc7,0x3f,0xff,
C51 COMPILER V9.56.0.0   FONT                                                              05/31/2017 10:01:18 PAGE 5   

 231            0xff,0xfd,0xfd,0xfd,0x01,0xff,0xff,0xff,0xff,0xbf,0xbf,0xbf,0x80,0xff,0xff,0xff,
 232            0xff,0xff,0xfb,0xfd,0xfd,0xfd,0xfb,0xff,0xff,0xff,0xff,0xff,0xff,0xff,0xff,0xff,
 233            0xff,0xff,0xff,0xff,0xff,0xff,0xff,0xff,0x7f,0x7f,0x7f,0x7f,0x7f,0x7f,0x7f,0x7f,
 234            0xff,0xfd,0xfd,0xfb,0xff,0xff,0xff,0xff,0xff,0xff,0xff,0xff,0xff,0xff,0xff,0xff,
 235            0xff,0xff,0x7f,0x7f,0x7f,0x7f,0xff,0xff,0xff,0xe6,0xdb,0xdd,0xdd,0xdd,0xc0,0xdf,
 236            0xf7,0x07,0xff,0x7f,0x7f,0xff,0xff,0xff,0xff,0xc0,0xee,0xdf,0xdf,0xee,0xf1,0xff,
 237            0xff,0xff,0xff,0x7f,0x7f,0x7f,0xff,0xff,0xff,0xf1,0xee,0xdf,0xdf,0xdf,0xee,0xff,
 238            0xff,0xff,0xff,0x7f,0x7f,0x77,0x07,0xff,0xff,0xf1,0xee,0xdf,0xdf,0xef,0xc0,0xdf,
 239            0xff,0xff,0x7f,0x7f,0x7f,0x7f,0xff,0xff,0xff,0xe0,0xdd,0xdd,0xdd,0xdd,0xec,0xff,
 240            0xff,0x7f,0x7f,0x0f,0x77,0x77,0x77,0xe7,0xff,0xdf,0xdf,0xc0,0xdf,0xdf,0xff,0xff,
 241            0xff,0xff,0x7f,0x7f,0x7f,0x7f,0x7f,0xff,0xff,0x94,0x6b,0x6b,0x6b,0x6c,0x9f,0xff,
 242            0xf7,0x07,0xff,0x7f,0x7f,0x7f,0xff,0xff,0xdf,0xc0,0xde,0xff,0xff,0xdf,0xc0,0xdf,
 243            0xff,0x7f,0x67,0x67,0xff,0xff,0xff,0xff,0xff,0xdf,0xdf,0xc0,0xdf,0xdf,0xff,0xff,
 244            0xff,0xff,0xff,0x7f,0x67,0x67,0xff,0xff,0xff,0x3f,0x7f,0x7f,0x7f,0x80,0xff,0xff,
 245            0xf7,0x07,0xff,0xff,0x7f,0x7f,0x7f,0xff,0xdf,0xc0,0xdb,0xfd,0xd2,0xcf,0xdf,0xff,
 246            0xff,0xf7,0xf7,0x07,0xff,0xff,0xff,0xff,0xff,0xdf,0xdf,0xc0,0xdf,0xdf,0xff,0xff,
 247            0x7f,0x7f,0x7f,0x7f,0x7f,0x7f,0x7f,0xff,0xdf,0xc0,0xdf,0xff,0xc0,0xdf,0xff,0xc0,
 248            0x7f,0x7f,0xff,0x7f,0x7f,0x7f,0xff,0xff,0xdf,0xc0,0xde,0xff,0xff,0xdf,0xc0,0xdf,
 249            0xff,0xff,0x7f,0x7f,0x7f,0x7f,0xff,0xff,0xff,0xe0,0xdf,0xdf,0xdf,0xdf,0xe0,0xff,
 250            0x7f,0x7f,0xff,0x7f,0x7f,0xff,0xff,0xff,0x7f,0x00,0x5e,0xdf,0xdf,0xee,0xf1,0xff,
 251            0xff,0xff,0xff,0x7f,0x7f,0x7f,0x7f,0xff,0xff,0xf1,0xee,0xdf,0xdf,0x5f,0x00,0x7f,
 252            0x7f,0x7f,0x7f,0xff,0x7f,0x7f,0x7f,0xff,0xdf,0xdf,0xc0,0xde,0xdf,0xff,0xfe,0xff,
 253            0xff,0xff,0x7f,0x7f,0x7f,0x7f,0x7f,0xff,0xff,0xcc,0xdb,0xdb,0xdb,0xdb,0xe6,0xff,
 254            0xff,0x7f,0x7f,0x1f,0x7f,0x7f,0xff,0xff,0xff,0xff,0xff,0xe0,0xdf,0xdf,0xff,0xff,
 255            0x7f,0x7f,0xff,0xff,0xff,0x7f,0x7f,0xff,0xff,0xe0,0xdf,0xdf,0xdf,0xef,0xc0,0xdf,
 256            0x7f,0x7f,0x7f,0xff,0xff,0x7f,0x7f,0x7f,0xff,0xfe,0xf1,0xcf,0xf7,0xf9,0xfe,0xff,
 257            0x7f,0x7f,0xff,0x7f,0xff,0x7f,0x7f,0x7f,0xf0,0xcf,0xf3,0xfc,0xf3,0xcf,0xf0,0xff,
 258            0xff,0x7f,0x7f,0xff,0x7f,0x7f,0x7f,0xff,0xff,0xdf,0xce,0xd1,0xf1,0xce,0xdf,0xff,
 259            0x7f,0x7f,0x7f,0xff,0xff,0x7f,0x7f,0x7f,0x7f,0x7e,0x71,0x8f,0xe7,0xf9,0xfe,0xff,
 260            0xff,0x7f,0x7f,0x7f,0x7f,0x7f,0x7f,0xff,0xff,0xde,0xcf,0xd3,0xdd,0xde,0xcf,0xff,
 261            0xff,0xff,0xff,0xff,0x7f,0x83,0xfd,0xfd,0xff,0xff,0xff,0xff,0xff,0xc0,0xbf,0xbf,
 262            0xff,0xff,0xff,0xff,0x00,0xff,0xff,0xff,0xff,0xff,0xff,0xff,0x00,0xff,0xff,0xff,
 263            0xff,0xfd,0xfd,0x83,0x7f,0xff,0xff,0xff,0xff,0xbf,0xbf,0xc0,0xff,0xff,0xff,0xff,
 264          };
 265            


MODULE INFORMATION:   STATIC OVERLAYABLE
   CODE SIZE        =   ----    ----
   CONSTANT SIZE    =   3200    ----
   XDATA SIZE       =   ----    ----
   PDATA SIZE       =   ----    ----
   DATA SIZE        =   ----    ----
   IDATA SIZE       =   ----    ----
   BIT SIZE         =   ----    ----
END OF MODULE INFORMATION.


C51 COMPILATION COMPLETE.  0 WARNING(S),  0 ERROR(S)
