C51 COMPILER V9.56.0.0   MAIN                                                              05/31/2017 23:20:04 PAGE 1   


C51 COMPILER V9.56.0.0, COMPILATION OF MODULE MAIN
OBJECT MODULE PLACED IN .\Outputs\main.obj
COMPILER INVOKED BY: D:\Keil_v5\C51\BIN\C51.EXE USER\main.c LARGE OPTIMIZE(8,SPEED) BROWSE INCDIR(.\DRIVES;.\USER;.\RTXO
                    -S) DEBUG OBJECTEXTEND PRINT(.\Listings\main.lst) TABS(2) OBJECT(.\Outputs\main.obj)

line level    source

   1          #include <stdio.h>
   2          #include <string.h>
   3          #include "PqxFont.h"
   4          #include "PqxDelay.h"
   5          #include "LCD12864.h"
   6          #include "PqxMLX90614.h"
   7          #include "PqxKeys.h"
   8          #include "PqxMenus.h"
   9          
  10          
  11          
  12          
  13          void main(void){
  14   1        Lcd12864_Init();
  15   1        Lcd12864_Clear();
  16   1        initPqxMenus();
  17   1        while(1){
  18   2      
  19   2        }
  20   1      }


MODULE INFORMATION:   STATIC OVERLAYABLE
   CODE SIZE        =     11    ----
   CONSTANT SIZE    =    256    ----
   XDATA SIZE       =     33    ----
   PDATA SIZE       =   ----    ----
   DATA SIZE        =   ----    ----
   IDATA SIZE       =   ----    ----
   BIT SIZE         =   ----    ----
END OF MODULE INFORMATION.


C51 COMPILATION COMPLETE.  0 WARNING(S),  0 ERROR(S)
