C51 COMPILER V9.56.0.0   PQXDELAY                                                          02/21/2018 14:26:17 PAGE 1   


C51 COMPILER V9.56.0.0, COMPILATION OF MODULE PQXDELAY
OBJECT MODULE PLACED IN .\Outputs\PqxDelay.obj
COMPILER INVOKED BY: D:\Keil_v5\C51\BIN\C51.EXE DRIVES\PqxDelay.c LARGE OPTIMIZE(8,SPEED) BROWSE INCDIR(.\DRIVES;.\USER;
                    -.\RTXOS) DEBUG OBJECTEXTEND PRINT(.\Listings\PqxDelay.lst) TABS(2) OBJECT(.\Outputs\PqxDelay.obj)

line level    source

   1          #include "PqxDelay.h"
   2          #include "intrins.h"
   3          //@11.0592MHz
   4          void Delay_us(unsigned int n){
   5   1        while(n--){
   6   2          _nop_();_nop_();_nop_();
   7   2        }
   8   1      }
   9          
  10          void Delay_ms(unsigned int n){
  11   1        unsigned char i, j;
  12   1        while(n--){
  13   2          _nop_();
  14   2          _nop_();
  15   2          _nop_();
  16   2          i = 11;
  17   2          j = 190;
  18   2          do
  19   2          {
  20   3            while (--j);
  21   3          }while (--i);
  22   2        }
  23   1      }
  24          
  25          void SmbusDelay10us(){
  26   1        _nop_();_nop_();_nop_();
  27   1        _nop_();_nop_();_nop_();
  28   1        _nop_();_nop_();_nop_();
  29   1        _nop_();_nop_();_nop_();
  30   1        _nop_();_nop_();_nop_();
  31   1        _nop_();_nop_();_nop_();
  32   1        _nop_();_nop_();_nop_();
  33   1        _nop_();_nop_();_nop_();
  34   1        _nop_();_nop_();_nop_();
  35   1        _nop_();_nop_();_nop_();
  36   1      }
  37          
  38          
  39          void SmbusDelay20us(){
  40   1        _nop_();_nop_();_nop_();
  41   1        _nop_();_nop_();_nop_();
  42   1        _nop_();_nop_();_nop_();
  43   1        _nop_();_nop_();_nop_();
  44   1        _nop_();_nop_();_nop_();
  45   1        _nop_();_nop_();_nop_();
  46   1        _nop_();_nop_();_nop_();
  47   1        _nop_();_nop_();_nop_();
  48   1        _nop_();_nop_();_nop_();
  49   1        _nop_();_nop_();_nop_();
  50   1        _nop_();_nop_();_nop_();
  51   1        _nop_();_nop_();_nop_();
  52   1        _nop_();_nop_();_nop_();
  53   1        _nop_();_nop_();_nop_();
  54   1        _nop_();_nop_();_nop_();
C51 COMPILER V9.56.0.0   PQXDELAY                                                          02/21/2018 14:26:17 PAGE 2   

  55   1        _nop_();_nop_();_nop_();
  56   1        _nop_();_nop_();_nop_();
  57   1        _nop_();_nop_();_nop_();
  58   1        _nop_();_nop_();_nop_();
  59   1        _nop_();_nop_();_nop_();
  60   1      }


MODULE INFORMATION:   STATIC OVERLAYABLE
   CODE SIZE        =    132    ----
   CONSTANT SIZE    =   ----    ----
   XDATA SIZE       =   ----    ----
   PDATA SIZE       =   ----    ----
   DATA SIZE        =   ----    ----
   IDATA SIZE       =   ----    ----
   BIT SIZE         =   ----    ----
END OF MODULE INFORMATION.


C51 COMPILATION COMPLETE.  0 WARNING(S),  0 ERROR(S)
