C51 COMPILER V9.56.0.0   PQXFONT                                                           02/21/2018 14:26:18 PAGE 1   


C51 COMPILER V9.56.0.0, COMPILATION OF MODULE PQXFONT
OBJECT MODULE PLACED IN .\Outputs\PqxFont.obj
COMPILER INVOKED BY: D:\Keil_v5\C51\BIN\C51.EXE DRIVES\PqxFont.c LARGE OPTIMIZE(8,SPEED) BROWSE INCDIR(.\DRIVES;.\USER;.
                    -\RTXOS) DEBUG OBJECTEXTEND PRINT(.\Listings\PqxFont.lst) TABS(2) OBJECT(.\Outputs\PqxFont.obj)

line level    source

   1          #include  "PqxFont.h"
   2          /************************************6*8的点阵************************************/
   3          extern unsigned char code ASCII6x8[92][6] =   
   4          {
   5          0x00, 0x00, 0x00, 0x00, 0x00, 0x00,// sp  1
   6          0x00, 0x00, 0x00, 0x2f, 0x00, 0x00,// !   2
   7          0x00, 0x00, 0x07, 0x00, 0x07, 0x00,// "   3
   8          0x00, 0x14, 0x7f, 0x14, 0x7f, 0x14,// #   4
   9          0x00, 0x24, 0x2a, 0x7f, 0x2a, 0x12,// $   5
  10          0x00, 0x62, 0x64, 0x08, 0x13, 0x23,// %   6
  11          0x00, 0x36, 0x49, 0x55, 0x22, 0x50,// &   7
  12          0x00, 0x00, 0x05, 0x03, 0x00, 0x00,// '   8
  13          0x00, 0x00, 0x1c, 0x22, 0x41, 0x00,// (   9
  14          0x00, 0x00, 0x41, 0x22, 0x1c, 0x00,// )   10
  15          0x00, 0x14, 0x08, 0x3E, 0x08, 0x14,// *   11
  16          0x00, 0x08, 0x08, 0x3E, 0x08, 0x08,// +   12
  17          0x00, 0x00, 0x00, 0xA0, 0x60, 0x00,// ,   13
  18          0x00, 0x08, 0x08, 0x08, 0x08, 0x08,// -   14
  19          0x00, 0x00, 0x60, 0x60, 0x00, 0x00,// .   15
  20          0x00, 0x20, 0x10, 0x08, 0x04, 0x02,// /   16
  21          0x00, 0x3E, 0x51, 0x49, 0x45, 0x3E,// 0   17
  22          0x00, 0x00, 0x42, 0x7F, 0x40, 0x00,// 1   18
  23          0x00, 0x42, 0x61, 0x51, 0x49, 0x46,// 2   19
  24          0x00, 0x21, 0x41, 0x45, 0x4B, 0x31,// 3   20
  25          0x00, 0x18, 0x14, 0x12, 0x7F, 0x10,// 4   21
  26          0x00, 0x27, 0x45, 0x45, 0x45, 0x39,// 5   22
  27          0x00, 0x3C, 0x4A, 0x49, 0x49, 0x30,// 6   23
  28          0x00, 0x01, 0x71, 0x09, 0x05, 0x03,// 7   24
  29          0x00, 0x36, 0x49, 0x49, 0x49, 0x36,// 8   25
  30          0x00, 0x06, 0x49, 0x49, 0x29, 0x1E,// 9   26
  31          0x00, 0x00, 0x36, 0x36, 0x00, 0x00,// :   27
  32          0x00, 0x00, 0x56, 0x36, 0x00, 0x00,// ;   28
  33          0x00, 0x08, 0x14, 0x22, 0x41, 0x00,// <   29
  34          0x00, 0x14, 0x14, 0x14, 0x14, 0x14,// =   30
  35          0x00, 0x00, 0x41, 0x22, 0x14, 0x08,// >   31
  36          0x00, 0x02, 0x01, 0x51, 0x09, 0x06,// ?   32
  37          0x00, 0x32, 0x49, 0x59, 0x51, 0x3E,// @   33
  38          0x00, 0x7C, 0x12, 0x11, 0x12, 0x7C,// A   34
  39          0x00, 0x7F, 0x49, 0x49, 0x49, 0x36,// B   35
  40          0x00, 0x3E, 0x41, 0x41, 0x41, 0x22,// C   36
  41          0x00, 0x7F, 0x41, 0x41, 0x22, 0x1C,// D   37
  42          0x00, 0x7F, 0x49, 0x49, 0x49, 0x41,// E   38
  43          0x00, 0x7F, 0x09, 0x09, 0x09, 0x01,// F   39
  44          0x00, 0x3E, 0x41, 0x49, 0x49, 0x7A,// G   40
  45          0x00, 0x7F, 0x08, 0x08, 0x08, 0x7F,// H   41
  46          0x00, 0x00, 0x41, 0x7F, 0x41, 0x00,// I   42
  47          0x00, 0x20, 0x40, 0x41, 0x3F, 0x01,// J   43
  48          0x00, 0x7F, 0x08, 0x14, 0x22, 0x41,// K   44
  49          0x00, 0x7F, 0x40, 0x40, 0x40, 0x40,// L   45
  50          0x00, 0x7F, 0x02, 0x0C, 0x02, 0x7F,// M   46
  51          0x00, 0x7F, 0x04, 0x08, 0x10, 0x7F,// N   47
  52          0x00, 0x3E, 0x41, 0x41, 0x41, 0x3E,// O   48
  53          0x00, 0x7F, 0x09, 0x09, 0x09, 0x06,// P   49
  54          0x00, 0x3E, 0x41, 0x51, 0x21, 0x5E,// Q   50
C51 COMPILER V9.56.0.0   PQXFONT                                                           02/21/2018 14:26:18 PAGE 2   

  55          0x00, 0x7F, 0x09, 0x19, 0x29, 0x46,// R   51
  56          0x00, 0x46, 0x49, 0x49, 0x49, 0x31,// S   52
  57          0x00, 0x01, 0x01, 0x7F, 0x01, 0x01,// T   53
  58          0x00, 0x3F, 0x40, 0x40, 0x40, 0x3F,// U   54
  59          0x00, 0x1F, 0x20, 0x40, 0x20, 0x1F,// V   55
  60          0x00, 0x3F, 0x40, 0x38, 0x40, 0x3F,// W   56
  61          0x00, 0x63, 0x14, 0x08, 0x14, 0x63,// X   57
  62          0x00, 0x07, 0x08, 0x70, 0x08, 0x07,// Y   58
  63          0x00, 0x61, 0x51, 0x49, 0x45, 0x43,// Z   59
  64          0x00, 0x00, 0x7F, 0x41, 0x41, 0x00,// [   60
  65          0x00, 0x55, 0x2A, 0x55, 0x2A, 0x55,// 55  61
  66          0x00, 0x00, 0x41, 0x41, 0x7F, 0x00,// ]   62
  67          0x00, 0x04, 0x02, 0x01, 0x02, 0x04,// ^   63
  68          0x00, 0x40, 0x40, 0x40, 0x40, 0x40,// _   64
  69          0x00, 0x00, 0x01, 0x02, 0x04, 0x00,// '   65
  70          0x00, 0x20, 0x54, 0x54, 0x54, 0x78,// a   66
  71          0x00, 0x7F, 0x48, 0x44, 0x44, 0x38,// b   67
  72          0x00, 0x38, 0x44, 0x44, 0x44, 0x20,// c   68
  73          0x00, 0x38, 0x44, 0x44, 0x48, 0x7F,// d   69
  74          0x00, 0x38, 0x54, 0x54, 0x54, 0x18,// e   70
  75          0x00, 0x08, 0x7E, 0x09, 0x01, 0x02,// f   71
  76          0x00, 0x18, 0xA4, 0xA4, 0xA4, 0x7C,// g   72
  77          0x00, 0x7F, 0x08, 0x04, 0x04, 0x78,// h   73
  78          0x00, 0x00, 0x44, 0x7D, 0x40, 0x00,// i   74
  79          0x00, 0x40, 0x80, 0x84, 0x7D, 0x00,// j   75
  80          0x00, 0x7F, 0x10, 0x28, 0x44, 0x00,// k   76
  81          0x00, 0x00, 0x41, 0x7F, 0x40, 0x00,// l   77
  82          0x00, 0x7C, 0x04, 0x18, 0x04, 0x78,// m   78
  83          0x00, 0x7C, 0x08, 0x04, 0x04, 0x78,// n   79
  84          0x00, 0x38, 0x44, 0x44, 0x44, 0x38,// o   80
  85          0x00, 0xFC, 0x24, 0x24, 0x24, 0x18,// p   81
  86          0x00, 0x18, 0x24, 0x24, 0x18, 0xFC,// q   82
  87          0x00, 0x7C, 0x08, 0x04, 0x04, 0x08,// r   83
  88          0x00, 0x48, 0x54, 0x54, 0x54, 0x20,// s   84
  89          0x00, 0x04, 0x3F, 0x44, 0x40, 0x20,// t   85
  90          0x00, 0x3C, 0x40, 0x40, 0x20, 0x7C,// u   86
  91          0x00, 0x1C, 0x20, 0x40, 0x20, 0x1C,// v   87
  92          0x00, 0x3C, 0x40, 0x30, 0x40, 0x3C,// w   88
  93          0x00, 0x44, 0x28, 0x10, 0x28, 0x44,// x   89
  94          0x00, 0x1C, 0xA0, 0xA0, 0xA0, 0x7C,// y   90
  95          0x00, 0x44, 0x64, 0x54, 0x4C, 0x44,// z   91
  96          0x14, 0x14, 0x14, 0x14, 0x14, 0x14,// horiz lines    92
  97          };
  98          /******************************************************************************
  99          ASCII纵向取模8*16字库。为1亮。纵向取模（8位）(取完一横后再取下一横)-LCD12864SPI
 100          每个字节代表一列8个像素值，每个ASCII由8*16/8=16个字节存储，前8个字节为上半部分值,
 101          后8个字节为下半部分值。共95个，从32(空格)到126。ASCII816[0]为空格。
 102          ASCII值减32即为数组二维下标。
 103          ******************************************************************************/
 104          extern unsigned char code ASCII8x16[95][16] =
 105          {
 106            // !
 107            0x00,0x00,0x00,0x00,0x00,0x00,0x00,0x00,0x00,0x00,0x00,0x00,0x00,0x00,0x00,0x00, 
 108            0x00,0x00,0x00,0xF8,0x00,0x00,0x00,0x00,0x00,0x00,0x00,0x33,0x30,0x00,0x00,0x00,
 109            //"#
 110            0x00,0x10,0x0C,0x06,0x10,0x0C,0x06,0x00,0x00,0x00,0x00,0x00,0x00,0x00,0x00,0x00, 
 111            0x40,0xC0,0x78,0x40,0xC0,0x78,0x40,0x00,0x04,0x3F,0x04,0x04,0x3F,0x04,0x04,0x00, 
 112            //$% 
 113            0x00,0x70,0x88,0xFC,0x08,0x30,0x00,0x00,0x00,0x18,0x20,0xFF,0x21,0x1E,0x00,0x00,
 114            0xF0,0x08,0xF0,0x00,0xE0,0x18,0x00,0x00,0x00,0x21,0x1C,0x03,0x1E,0x21,0x1E,0x00, 
 115            //&' 
 116            0x00,0xF0,0x08,0x88,0x70,0x00,0x00,0x00,0x1E,0x21,0x23,0x24,0x19,0x27,0x21,0x10, 
C51 COMPILER V9.56.0.0   PQXFONT                                                           02/21/2018 14:26:18 PAGE 3   

 117            0x10,0x16,0x0E,0x00,0x00,0x00,0x00,0x00,0x00,0x00,0x00,0x00,0x00,0x00,0x00,0x00, 
 118            //() 
 119            0x00,0x00,0x00,0xE0,0x18,0x04,0x02,0x00,0x00,0x00,0x00,0x07,0x18,0x20,0x40,0x00, 
 120            0x00,0x02,0x04,0x18,0xE0,0x00,0x00,0x00,0x00,0x40,0x20,0x18,0x07,0x00,0x00,0x00, 
 121            //*+ 
 122            0x40,0x40,0x80,0xF0,0x80,0x40,0x40,0x00,0x02,0x02,0x01,0x0F,0x01,0x02,0x02,0x00, 
 123            0x00,0x00,0x00,0xF0,0x00,0x00,0x00,0x00,0x01,0x01,0x01,0x1F,0x01,0x01,0x01,0x00,
 124            //,- 
 125            0x00,0x00,0x00,0x00,0x00,0x00,0x00,0x00,0x80,0xB0,0x70,0x00,0x00,0x00,0x00,0x00, 
 126            0x00,0x00,0x00,0x00,0x00,0x00,0x00,0x00,0x00,0x01,0x01,0x01,0x01,0x01,0x01,0x01, 
 127            //./  
 128            0x00,0x00,0x00,0x00,0x00,0x00,0x00,0x00,0x00,0x30,0x30,0x00,0x00,0x00,0x00,0x00, 
 129            0x00,0x00,0x00,0x00,0x80,0x60,0x18,0x04,0x00,0x60,0x18,0x06,0x01,0x00,0x00,0x00, 
 130            //01 
 131            0x00,0xE0,0x10,0x08,0x08,0x10,0xE0,0x00,0x00,0x0F,0x10,0x20,0x20,0x10,0x0F,0x00, 
 132            0x00,0x10,0x10,0xF8,0x00,0x00,0x00,0x00,0x00,0x20,0x20,0x3F,0x20,0x20,0x00,0x00, 
 133            //23
 134            0x00,0x70,0x08,0x08,0x08,0x88,0x70,0x00,0x00,0x30,0x28,0x24,0x22,0x21,0x30,0x00, 
 135            0x00,0x30,0x08,0x88,0x88,0x48,0x30,0x00,0x00,0x18,0x20,0x20,0x20,0x11,0x0E,0x00, 
 136            //45
 137            0x00,0x00,0xC0,0x20,0x10,0xF8,0x00,0x00,0x00,0x07,0x04,0x24,0x24,0x3F,0x24,0x00, 
 138            0x00,0xF8,0x08,0x88,0x88,0x08,0x08,0x00,0x00,0x19,0x21,0x20,0x20,0x11,0x0E,0x00, 
 139            //67
 140            0x00,0xE0,0x10,0x88,0x88,0x18,0x00,0x00,0x00,0x0F,0x11,0x20,0x20,0x11,0x0E,0x00, 
 141            0x00,0x38,0x08,0x08,0xC8,0x38,0x08,0x00,0x00,0x00,0x00,0x3F,0x00,0x00,0x00,0x00, 
 142            //89
 143            0x00,0x70,0x88,0x08,0x08,0x88,0x70,0x00,0x00,0x1C,0x22,0x21,0x21,0x22,0x1C,0x00, 
 144            0x00,0xE0,0x10,0x08,0x08,0x10,0xE0,0x00,0x00,0x00,0x31,0x22,0x22,0x11,0x0F,0x00,
 145            //:; 
 146            0x00,0x00,0x00,0xC0,0xC0,0x00,0x00,0x00,0x00,0x00,0x00,0x30,0x30,0x00,0x00,0x00, 
 147            0x00,0x00,0x00,0x80,0x00,0x00,0x00,0x00,0x00,0x00,0x80,0x60,0x00,0x00,0x00,0x00,
 148            //<=
 149            0x00,0x00,0x80,0x40,0x20,0x10,0x08,0x00,0x00,0x01,0x02,0x04,0x08,0x10,0x20,0x00, 
 150            0x40,0x40,0x40,0x40,0x40,0x40,0x40,0x00,0x04,0x04,0x04,0x04,0x04,0x04,0x04,0x00,
 151            //>?
 152            0x00,0x08,0x10,0x20,0x40,0x80,0x00,0x00,0x00,0x20,0x10,0x08,0x04,0x02,0x01,0x00, 
 153            0x00,0x70,0x48,0x08,0x08,0x08,0xF0,0x00,0x00,0x00,0x00,0x30,0x36,0x01,0x00,0x00, 
 154            //@A
 155            0xC0,0x30,0xC8,0x28,0xE8,0x10,0xE0,0x00,0x07,0x18,0x27,0x24,0x23,0x14,0x0B,0x00, 
 156            0x00,0x00,0xC0,0x38,0xE0,0x00,0x00,0x00,0x20,0x3C,0x23,0x02,0x02,0x27,0x38,0x20, 
 157            //BC
 158            0x08,0xF8,0x88,0x88,0x88,0x70,0x00,0x00,0x20,0x3F,0x20,0x20,0x20,0x11,0x0E,0x00, 
 159            0xC0,0x30,0x08,0x08,0x08,0x08,0x38,0x00,0x07,0x18,0x20,0x20,0x20,0x10,0x08,0x00, 
 160            //DE
 161            0x08,0xF8,0x08,0x08,0x08,0x10,0xE0,0x00,0x20,0x3F,0x20,0x20,0x20,0x10,0x0F,0x00, 
 162            0x08,0xF8,0x88,0x88,0xE8,0x08,0x10,0x00,0x20,0x3F,0x20,0x20,0x23,0x20,0x18,0x00,
 163            //FG
 164            0x08,0xF8,0x88,0x88,0xE8,0x08,0x10,0x00,0x20,0x3F,0x20,0x00,0x03,0x00,0x00,0x00, 
 165            0xC0,0x30,0x08,0x08,0x08,0x38,0x00,0x00,0x07,0x18,0x20,0x20,0x22,0x1E,0x02,0x00, 
 166            //HI
 167            0x08,0xF8,0x08,0x00,0x00,0x08,0xF8,0x08,0x20,0x3F,0x21,0x01,0x01,0x21,0x3F,0x20,
 168            0x00,0x08,0x08,0xF8,0x08,0x08,0x00,0x00,0x00,0x20,0x20,0x3F,0x20,0x20,0x00,0x00, 
 169            //JK
 170            0x00,0x00,0x08,0x08,0xF8,0x08,0x08,0x00,0xC0,0x80,0x80,0x80,0x7F,0x00,0x00,0x00, 
 171            0x08,0xF8,0x88,0xC0,0x28,0x18,0x08,0x00,0x20,0x3F,0x20,0x01,0x26,0x38,0x20,0x00, 
 172            //LM
 173            0x08,0xF8,0x08,0x00,0x00,0x00,0x00,0x00,0x20,0x3F,0x20,0x20,0x20,0x20,0x30,0x00,
 174            0x08,0xF8,0xF8,0x00,0xF8,0xF8,0x08,0x00,0x20,0x3F,0x00,0x3F,0x00,0x3F,0x20,0x00, 
 175            //NO
 176            0x08,0xF8,0x30,0xC0,0x00,0x08,0xF8,0x08,0x20,0x3F,0x20,0x00,0x07,0x18,0x3F,0x00, 
 177            0xE0,0x10,0x08,0x08,0x08,0x10,0xE0,0x00,0x0F,0x10,0x20,0x20,0x20,0x10,0x0F,0x00, 
 178            //PQ
C51 COMPILER V9.56.0.0   PQXFONT                                                           02/21/2018 14:26:18 PAGE 4   

 179            0x08,0xF8,0x08,0x08,0x08,0x08,0xF0,0x00,0x20,0x3F,0x21,0x01,0x01,0x01,0x00,0x00, 
 180            0xE0,0x10,0x08,0x08,0x08,0x10,0xE0,0x00,0x0F,0x18,0x24,0x24,0x38,0x50,0x4F,0x00, 
 181            //RS
 182            0x08,0xF8,0x88,0x88,0x88,0x88,0x70,0x00,0x20,0x3F,0x20,0x00,0x03,0x0C,0x30,0x20, 
 183            0x00,0x70,0x88,0x08,0x08,0x08,0x38,0x00,0x00,0x38,0x20,0x21,0x21,0x22,0x1C,0x00, 
 184            //TU
 185            0x18,0x08,0x08,0xF8,0x08,0x08,0x18,0x00,0x00,0x00,0x20,0x3F,0x20,0x00,0x00,0x00,
 186            0x08,0xF8,0x08,0x00,0x00,0x08,0xF8,0x08,0x00,0x1F,0x20,0x20,0x20,0x20,0x1F,0x00, 
 187            //VW
 188            0x08,0x78,0x88,0x00,0x00,0xC8,0x38,0x08,0x00,0x00,0x07,0x38,0x0E,0x01,0x00,0x00, 
 189            0xF8,0x08,0x00,0xF8,0x00,0x08,0xF8,0x00,0x03,0x3C,0x07,0x00,0x07,0x3C,0x03,0x00, 
 190            //XY
 191            0x08,0x18,0x68,0x80,0x80,0x68,0x18,0x08,0x20,0x30,0x2C,0x03,0x03,0x2C,0x30,0x20, 
 192            0x08,0x38,0xC8,0x00,0xC8,0x38,0x08,0x00,0x00,0x00,0x20,0x3F,0x20,0x00,0x00,0x00, 
 193            //Z[
 194            0x10,0x08,0x08,0x08,0xC8,0x38,0x08,0x00,0x20,0x38,0x26,0x21,0x20,0x20,0x18,0x00, 
 195            0x00,0x00,0x00,0xFE,0x02,0x02,0x02,0x00,0x00,0x00,0x00,0x7F,0x40,0x40,0x40,0x00, 
 196            //\]
 197            0x00,0x0C,0x30,0xC0,0x00,0x00,0x00,0x00,0x00,0x00,0x00,0x01,0x06,0x38,0xC0,0x00, 
 198            0x00,0x02,0x02,0x02,0xFE,0x00,0x00,0x00,0x00,0x40,0x40,0x40,0x7F,0x00,0x00,0x00, 
 199            //
 200          //  0x00,0x00,0x04,0x02,0x02,0x02,0x04,0x00,0x00,0x00,0x00,0x00,0x00,0x00,0x00,0x00,  //^
 201          //  0x00,0x00,0x3C,0x3E,0x36,0x3E,0x1E,0x00,0x00,0x00,0x00,0x00,0x00,0x00,0x00,0x00,//摄氏度的小o
 202            0x00,0x00,0x00,0x00,0x0E,0x0A,0x0E,0x00,0x00,0x00,0x00,0x00,0x00,0x00,0x00,0x00,//摄氏度的小o
 203            0x00,0x00,0x00,0x00,0x00,0x00,0x00,0x00,0x80,0x80,0x80,0x80,0x80,0x80,0x80,0x80,  //_
 204            //
 205            0x00,0x02,0x02,0x04,0x00,0x00,0x00,0x00,0x00,0x00,0x00,0x00,0x00,0x00,0x00,0x00,  //'
 206            0x00,0x00,0x80,0x80,0x80,0x80,0x00,0x00,0x00,0x19,0x24,0x22,0x22,0x22,0x3F,0x20,  //a
 207            //bc
 208            0x08,0xF8,0x00,0x80,0x80,0x00,0x00,0x00,0x00,0x3F,0x11,0x20,0x20,0x11,0x0E,0x00, 
 209            0x00,0x00,0x00,0x80,0x80,0x80,0x00,0x00,0x00,0x0E,0x11,0x20,0x20,0x20,0x11,0x00, 
 210            //de
 211            0x00,0x00,0x00,0x80,0x80,0x88,0xF8,0x00,0x00,0x0E,0x11,0x20,0x20,0x10,0x3F,0x20, 
 212            0x00,0x00,0x80,0x80,0x80,0x80,0x00,0x00,0x00,0x1F,0x22,0x22,0x22,0x22,0x13,0x00, 
 213            //fg
 214            0x00,0x80,0x80,0xF0,0x88,0x88,0x88,0x18,0x00,0x20,0x20,0x3F,0x20,0x20,0x00,0x00, 
 215            0x00,0x00,0x80,0x80,0x80,0x80,0x80,0x00,0x00,0x6B,0x94,0x94,0x94,0x93,0x60,0x00, 
 216            //hi
 217            0x08,0xF8,0x00,0x80,0x80,0x80,0x00,0x00,0x20,0x3F,0x21,0x00,0x00,0x20,0x3F,0x20, 
 218            0x00,0x80,0x98,0x98,0x00,0x00,0x00,0x00,0x00,0x20,0x20,0x3F,0x20,0x20,0x00,0x00,
 219            //jk
 220            0x00,0x00,0x00,0x80,0x98,0x98,0x00,0x00,0x00,0xC0,0x80,0x80,0x80,0x7F,0x00,0x00, 
 221            0x08,0xF8,0x00,0x00,0x80,0x80,0x80,0x00,0x20,0x3F,0x24,0x02,0x2D,0x30,0x20,0x00, 
 222            //lm
 223            0x00,0x08,0x08,0xF8,0x00,0x00,0x00,0x00,0x00,0x20,0x20,0x3F,0x20,0x20,0x00,0x00, 
 224            0x80,0x80,0x80,0x80,0x80,0x80,0x80,0x00,0x20,0x3F,0x20,0x00,0x3F,0x20,0x00,0x3F, 
 225            //no
 226            0x80,0x80,0x00,0x80,0x80,0x80,0x00,0x00,0x20,0x3F,0x21,0x00,0x00,0x20,0x3F,0x20, 
 227            0x00,0x00,0x80,0x80,0x80,0x80,0x00,0x00,0x00,0x1F,0x20,0x20,0x20,0x20,0x1F,0x00, 
 228            //pq
 229            0x80,0x80,0x00,0x80,0x80,0x00,0x00,0x00,0x80,0xFF,0xA1,0x20,0x20,0x11,0x0E,0x00, 
 230            0x00,0x00,0x00,0x80,0x80,0x80,0x80,0x00,0x00,0x0E,0x11,0x20,0x20,0xA0,0xFF,0x80, 
 231            //rs
 232            0x80,0x80,0x80,0x00,0x80,0x80,0x80,0x00,0x20,0x20,0x3F,0x21,0x20,0x00,0x01,0x00, 
 233            0x00,0x00,0x80,0x80,0x80,0x80,0x80,0x00,0x00,0x33,0x24,0x24,0x24,0x24,0x19,0x00, 
 234            //tu?
 235            0x00,0x80,0x80,0xE0,0x80,0x80,0x00,0x00,0x00,0x00,0x00,0x1F,0x20,0x20,0x00,0x00, 
 236            0x80,0x80,0x00,0x00,0x00,0x80,0x80,0x00,0x00,0x1F,0x20,0x20,0x20,0x10,0x3F,0x20, 
 237            //vw
 238            0x80,0x80,0x80,0x00,0x00,0x80,0x80,0x80,0x00,0x01,0x0E,0x30,0x08,0x06,0x01,0x00, 
 239            0x80,0x80,0x00,0x80,0x00,0x80,0x80,0x80,0x0F,0x30,0x0C,0x03,0x0C,0x30,0x0F,0x00, 
 240            //xy
C51 COMPILER V9.56.0.0   PQXFONT                                                           02/21/2018 14:26:18 PAGE 5   

 241            0x00,0x80,0x80,0x00,0x80,0x80,0x80,0x00,0x00,0x20,0x31,0x2E,0x0E,0x31,0x20,0x00, 
 242            0x80,0x80,0x80,0x00,0x00,0x80,0x80,0x80,0x80,0x81,0x8E,0x70,0x18,0x06,0x01,0x00, 
 243            //z{
 244            0x00,0x80,0x80,0x80,0x80,0x80,0x80,0x00,0x00,0x21,0x30,0x2C,0x22,0x21,0x30,0x00, 
 245            0x00,0x00,0x00,0x00,0x80,0x7C,0x02,0x02,0x00,0x00,0x00,0x00,0x00,0x3F,0x40,0x40, 
 246            //|}
 247            0x00,0x00,0x00,0x00,0xFF,0x00,0x00,0x00,0x00,0x00,0x00,0x00,0xFF,0x00,0x00,0x00, 
 248            0x00,0x02,0x02,0x7C,0x80,0x00,0x00,0x00,0x00,0x40,0x40,0x3F,0x00,0x00,0x00,0x00, 
 249            //~
 250            0x00,0x06,0x01,0x01,0x02,0x02,0x04,0x04,0x00,0x00,0x00,0x00,0x00,0x00,0x00,0x00
 251          };


MODULE INFORMATION:   STATIC OVERLAYABLE
   CODE SIZE        =   ----    ----
   CONSTANT SIZE    =   2072    ----
   XDATA SIZE       =   ----    ----
   PDATA SIZE       =   ----    ----
   DATA SIZE        =   ----    ----
   IDATA SIZE       =   ----    ----
   BIT SIZE         =   ----    ----
END OF MODULE INFORMATION.


C51 COMPILATION COMPLETE.  0 WARNING(S),  0 ERROR(S)
