C51 COMPILER V9.56.0.0   TASKMLX90614                                                      02/21/2018 14:26:21 PAGE 1   


C51 COMPILER V9.56.0.0, COMPILATION OF MODULE TASKMLX90614
OBJECT MODULE PLACED IN .\Outputs\taskMLX90614.obj
COMPILER INVOKED BY: D:\Keil_v5\C51\BIN\C51.EXE USER\taskMLX90614.c LARGE OPTIMIZE(8,SPEED) BROWSE INCDIR(.\DRIVES;.\USE
                    -R;.\RTXOS) DEBUG OBJECTEXTEND PRINT(.\Listings\taskMLX90614.lst) TABS(2) OBJECT(.\Outputs\taskMLX90614.obj)

line level    source

   1          #include "includes.h"
   2          
   3          void detectTemp() _task_ 4{
   4   1        unsigned char i;
   5   1        short tempValue;
   6   1        float temp;
   7   1        float maxResult;
   8   1        float minResult;
   9   1        while(1){
  10   2          os_wait1(K_SIG);
  11   2          if(isGeneral==1){
  12   3            result=Data2TempC(PqxMemRead(0x5a,0x07));
  13   3            result02=Data2TempC(PqxMemRead(0x5a,0x06));
  14   3            os_send_signal(0);
  15   3          }else if(isGeneral==0){
  16   3            temp=0;   
  17   3            result=0;
  18   3            maxResult=0;
  19   3            minResult=3.4E38;
  20   3            for(i=0;i<22;i++){
  21   4              temp=Data2TempC(PqxMemRead(0x5a,0x07));
  22   4              result+=temp;
  23   4              if(temp>maxResult){
  24   5                maxResult=temp;
  25   5              }
  26   4              if(temp<minResult){
  27   5                minResult=temp;
  28   5              }
  29   4            }
  30   3            result-=maxResult;
  31   3            result-=minResult;
  32   3            result*=0.05;
  33   3            os_send_signal(5);
  34   3          }else if(isGeneral==2){
  35   3            ChangeEmissivity(0x5a,(float)(emissivity*0.1));
  36   3            os_send_signal(0);
  37   3          }else if(isGeneral==3){
  38   3            tempValue=TempC2Data(lowerValue); 
  39   3            PqxEepromWrite(0x5a,0x21,(tempValue>>8),tempValue&0xff);
  40   3            os_send_signal(0);
  41   3          }else if(isGeneral==4){
  42   3            tempValue=TempC2Data(upperValue);
  43   3            PqxEepromWrite(0x5a,0x20,(tempValue>>8),tempValue&0xff);
  44   3            os_send_signal(0);
  45   3          }
  46   2        }
  47   1      }
  48          
  49          //void normalTemp() _task_ 5{
  50          //  while(1){
  51          //    os_wait1(K_SIG);  
  52          //    result=0;
  53          //    result02=0;
  54          //    result=Data2TempC(PqxMemRead(0x5a,0x06));
C51 COMPILER V9.56.0.0   TASKMLX90614                                                      02/21/2018 14:26:21 PAGE 2   

  55          //    result02=Data2TempC(PqxMemRead(0x5a,0x06));
  56          //    os_send_signal(0);
  57          //  }
  58          //}


MODULE INFORMATION:   STATIC OVERLAYABLE
   CODE SIZE        =    556    ----
   CONSTANT SIZE    =    256    ----
   XDATA SIZE       =   ----      15
   PDATA SIZE       =   ----    ----
   DATA SIZE        =   ----    ----
   IDATA SIZE       =   ----    ----
   BIT SIZE         =   ----    ----
END OF MODULE INFORMATION.


C51 COMPILATION COMPLETE.  0 WARNING(S),  0 ERROR(S)
