C51 COMPILER V9.56.0.0   TASKMENUS                                                         06/01/2017 10:12:07 PAGE 1   


C51 COMPILER V9.56.0.0, COMPILATION OF MODULE TASKMENUS
OBJECT MODULE PLACED IN .\Outputs\taskMenus.obj
COMPILER INVOKED BY: D:\Keil_v5\C51\BIN\C51.EXE USER\taskMenus.c LARGE OPTIMIZE(8,SPEED) BROWSE INCDIR(.\DRIVES;.\USER;.
                    -\RTXOS) DEBUG OBJECTEXTEND PRINT(.\Listings\taskMenus.lst) TABS(2) OBJECT(.\Outputs\taskMenus.obj)

line level    source

   1          #include "includes.h"
   2          void changeItem() _task_ 2{
   3   1        while(1){
   4   2      
   5   2      
   6   2          os_wait1(K_SIG);
   7   2        }
   8   1      }


MODULE INFORMATION:   STATIC OVERLAYABLE
   CODE SIZE        =      7    ----
   CONSTANT SIZE    =   ----    ----
   XDATA SIZE       =     38    ----
   PDATA SIZE       =   ----    ----
   DATA SIZE        =   ----    ----
   IDATA SIZE       =   ----    ----
   BIT SIZE         =   ----    ----
END OF MODULE INFORMATION.


C51 COMPILATION COMPLETE.  0 WARNING(S),  0 ERROR(S)
