C51 COMPILER V9.56.0.0   TASKCHANGEEMISSIVITY                                              06/04/2017 00:46:33 PAGE 1   


C51 COMPILER V9.56.0.0, COMPILATION OF MODULE TASKCHANGEEMISSIVITY
OBJECT MODULE PLACED IN .\Outputs\taskChangeEmissivity.obj
COMPILER INVOKED BY: D:\Keil_v5\C51\BIN\C51.EXE USER\taskChangeEmissivity.c LARGE OPTIMIZE(8,SPEED) BROWSE INCDIR(.\DRIV
                    -ES;.\USER;.\RTXOS) DEBUG OBJECTEXTEND PRINT(.\Listings\taskChangeEmissivity.lst) TABS(2) OBJECT(.\Outputs\taskChangeEmis
                    -sivity.obj)

line level    source

   1          #include "includes.h"
   2          
   3          void taskForChange() _task_ 7{
   4   1        
   5   1        while(1){
   6   2          os_wait1(K_SIG);
   7   2          ChangeEmissivity(0x5a,(float)(emissivity*0.1));
   8   2          os_send_signal(0);
   9   2        }
  10   1      }


MODULE INFORMATION:   STATIC OVERLAYABLE
   CODE SIZE        =     43    ----
   CONSTANT SIZE    =    256    ----
   XDATA SIZE       =   ----    ----
   PDATA SIZE       =   ----    ----
   DATA SIZE        =   ----    ----
   IDATA SIZE       =   ----    ----
   BIT SIZE         =   ----    ----
END OF MODULE INFORMATION.


C51 COMPILATION COMPLETE.  0 WARNING(S),  0 ERROR(S)
